{
  level: 'error',
  message: 'Database does not connect and error was The `uri` parameter to `openUri()` must be a string, got "undefined". Make sure the first parameter to `mongoose.connect()` or `mongoose.createConnection()` is a string.',
  stack: 'MongooseError: The `uri` parameter to `openUri()` must be a string, got "undefined". Make sure the first parameter to `mongoose.connect()` or `mongoose.createConnection()` is a string.\n' +
    '    at NativeConnection.createClient (E:\\next-level\\Backend Braniac\\AuthService\\node_modules\\mongoose\\lib\\drivers\\node-mongodb-native\\connection.js:206:11)\n' +
    '    at NativeConnection.openUri (E:\\next-level\\Backend Braniac\\AuthService\\node_modules\\mongoose\\lib\\connection.js:738:34)\n' +
    '    at Mongoose.connect (E:\\next-level\\Backend Braniac\\AuthService\\node_modules\\mongoose\\lib\\index.js:404:15)\n' +
    '    at E:\\next-level\\Backend Braniac\\AuthService\\src\\server.ts:9:20\n' +
    '    at Generator.next (<anonymous>)\n' +
    '    at E:\\next-level\\Backend Braniac\\AuthService\\src\\server.ts:8:71\n' +
    '    at new Promise (<anonymous>)\n' +
    '    at __awaiter (E:\\next-level\\Backend Braniac\\AuthService\\src\\server.ts:4:12)\n' +
    '    at main (E:\\next-level\\Backend Braniac\\AuthService\\src\\server.ts:20:12)\n' +
    '    at Object.<anonymous> (E:\\next-level\\Backend Braniac\\AuthService\\src\\server.ts:19:1)',
  timestamp: '2023-07-31T13:36:53.365Z',
  label: 'Professional_Settings'
}
{
  level: 'error',
  message: 'Database does not connect and error was The `uri` parameter to `openUri()` must be a string, got "undefined". Make sure the first parameter to `mongoose.connect()` or `mongoose.createConnection()` is a string.',
  stack: 'MongooseError: The `uri` parameter to `openUri()` must be a string, got "undefined". Make sure the first parameter to `mongoose.connect()` or `mongoose.createConnection()` is a string.\n' +
    '    at NativeConnection.createClient (E:\\next-level\\Backend Braniac\\AuthService\\node_modules\\mongoose\\lib\\drivers\\node-mongodb-native\\connection.js:206:11)\n' +
    '    at NativeConnection.openUri (E:\\next-level\\Backend Braniac\\AuthService\\node_modules\\mongoose\\lib\\connection.js:738:34)\n' +
    '    at Mongoose.connect (E:\\next-level\\Backend Braniac\\AuthService\\node_modules\\mongoose\\lib\\index.js:404:15)\n' +
    '    at E:\\next-level\\Backend Braniac\\AuthService\\src\\server.ts:9:20\n' +
    '    at Generator.next (<anonymous>)\n' +
    '    at E:\\next-level\\Backend Braniac\\AuthService\\src\\server.ts:8:71\n' +
    '    at new Promise (<anonymous>)\n' +
    '    at __awaiter (E:\\next-level\\Backend Braniac\\AuthService\\src\\server.ts:4:12)\n' +
    '    at main (E:\\next-level\\Backend Braniac\\AuthService\\src\\server.ts:20:12)\n' +
    '    at Object.<anonymous> (E:\\next-level\\Backend Braniac\\AuthService\\src\\server.ts:19:1)',
  timestamp: '2023-07-31T13:37:58.630Z',
  label: 'Professional_Settings'
}
